TN:
SF:cli-parser.js
FN:13,parseCliArguments
FN:15,(anonymous_1)
FN:38,validateCliArguments
FN:67,determineGenerationPlan
FN:118,validateGenerationPlan
FN:142,displayUsage
FN:156,(anonymous_6)
FN:157,(anonymous_7)
FNF:8
FNH:5
FNDA:7,parseCliArguments
FNDA:7,(anonymous_1)
FNDA:5,validateCliArguments
FNDA:4,determineGenerationPlan
FNDA:5,validateGenerationPlan
FNDA:0,displayUsage
FNDA:0,(anonymous_6)
FNDA:0,(anonymous_7)
DA:1,1
DA:15,7
DA:18,7
DA:26,7
DA:39,5
DA:42,5
DA:43,3
DA:56,2
DA:68,4
DA:69,4
DA:70,4
DA:71,4
DA:73,4
DA:74,1
DA:75,1
DA:76,3
DA:77,1
DA:78,1
DA:79,1
DA:80,2
DA:81,0
DA:82,0
DA:83,2
DA:84,0
DA:85,0
DA:86,0
DA:91,2
DA:92,0
DA:93,0
DA:94,0
DA:95,0
DA:98,2
DA:99,2
DA:103,4
DA:119,5
DA:122,5
DA:123,2
DA:132,3
DA:143,0
DA:144,0
DA:145,0
DA:148,0
DA:149,0
DA:151,0
DA:152,0
DA:153,0
DA:155,0
DA:156,0
DA:157,0
DA:160,0
DA:163,0
DA:164,0
DA:165,0
DA:168,1
LF:54
LH:30
BRDA:19,0,0,7
BRDA:19,0,1,5
BRDA:42,1,0,3
BRDA:42,1,1,2
BRDA:73,2,0,1
BRDA:73,2,1,3
BRDA:76,3,0,1
BRDA:76,3,1,2
BRDA:80,4,0,0
BRDA:80,4,1,2
BRDA:83,5,0,0
BRDA:83,5,1,2
BRDA:86,6,0,0
BRDA:86,6,1,0
BRDA:91,7,0,0
BRDA:91,7,1,2
BRDA:122,8,0,2
BRDA:122,8,1,3
BRDA:122,9,0,5
BRDA:122,9,1,1
BRDA:122,9,2,4
BRDA:151,10,0,0
BRDA:151,10,1,0
BRDA:156,11,0,0
BRDA:156,11,1,0
BRDA:160,12,0,0
BRDA:160,12,1,0
BRDA:165,13,0,0
BRDA:165,13,1,0
BRF:29
BRH:16
end_of_record
TN:
SF:document-orchestrator.js
FN:20,removeCompatibilityMode
FN:52,(anonymous_1)
FN:74,generateResumeDocument
FN:105,generateCoverLetterDocument
FN:141,generateCombinedDocument
FN:174,openGeneratedFiles
FN:192,displayCompletionSummary
FN:194,(anonymous_7)
FN:206,orchestrateGeneration
FNF:9
FNH:0
FNDA:0,removeCompatibilityMode
FNDA:0,(anonymous_1)
FNDA:0,generateResumeDocument
FNDA:0,generateCoverLetterDocument
FNDA:0,generateCombinedDocument
FNDA:0,openGeneratedFiles
FNDA:0,displayCompletionSummary
FNDA:0,(anonymous_7)
FNDA:0,orchestrateGeneration
DA:1,0
DA:2,0
DA:3,0
DA:4,0
DA:5,0
DA:6,0
DA:7,0
DA:21,0
DA:23,0
DA:26,0
DA:27,0
DA:30,0
DA:33,0
DA:36,0
DA:37,0
DA:38,0
DA:41,0
DA:46,0
DA:47,0
DA:52,0
DA:53,0
DA:54,0
DA:55,0
DA:60,0
DA:61,0
DA:63,0
DA:64,0
DA:75,0
DA:76,0
DA:79,0
DA:80,0
DA:83,0
DA:84,0
DA:87,0
DA:88,0
DA:91,0
DA:92,0
DA:94,0
DA:95,0
DA:106,0
DA:107,0
DA:110,0
DA:111,0
DA:114,0
DA:115,0
DA:118,0
DA:119,0
DA:122,0
DA:123,0
DA:126,0
DA:127,0
DA:129,0
DA:130,0
DA:142,0
DA:143,0
DA:146,0
DA:147,0
DA:150,0
DA:151,0
DA:154,0
DA:155,0
DA:158,0
DA:159,0
DA:162,0
DA:163,0
DA:165,0
DA:166,0
DA:175,0
DA:176,0
DA:177,0
DA:178,0
DA:179,0
DA:181,0
DA:183,0
DA:193,0
DA:194,0
DA:195,0
DA:207,0
DA:208,0
DA:210,0
DA:212,0
DA:214,0
DA:215,0
DA:216,0
DA:220,0
DA:221,0
DA:222,0
DA:226,0
DA:227,0
DA:228,0
DA:232,0
DA:235,0
DA:237,0
DA:239,0
DA:240,0
DA:244,0
LF:96
LH:0
BRDA:26,0,0,0
BRDA:26,0,1,0
BRDA:53,1,0,0
BRDA:53,1,1,0
BRDA:175,2,0,0
BRDA:175,2,1,0
BRDA:175,3,0,0
BRDA:175,3,1,0
BRDA:175,3,2,0
BRDA:214,4,0,0
BRDA:214,4,1,0
BRDA:220,5,0,0
BRDA:220,5,1,0
BRDA:226,6,0,0
BRDA:226,6,1,0
BRF:15
BRH:0
end_of_record
TN:
SF:docx-template.js
FN:20,createFormattedTextRuns
FN:23,(anonymous_1)
FN:37,createResumeDocx
FN:132,createHeader
FN:196,(anonymous_4)
FN:252,createSummary
FN:284,createExperience
FN:307,(anonymous_7)
FN:331,createSkills
FN:340,(anonymous_9)
FN:384,createEducation
FN:393,(anonymous_11)
FN:465,createProjects
FN:490,createSpeakingEngagements
FN:518,(anonymous_14)
FN:523,(anonymous_15)
FN:537,createLanguages
FN:546,(anonymous_17)
FN:586,createItemSection
FN:595,(anonymous_19)
FN:604,(anonymous_20)
FN:612,(anonymous_21)
FN:689,(anonymous_22)
FN:754,createSectionHeading
FN:780,formatDate
FN:827,getRegionAbbreviation
FN:911,createCoverLetterDocx
FN:990,createCoverLetterDate
FN:1022,createCoverLetterContent
FN:1025,(anonymous_29)
FN:1030,(anonymous_30)
FN:1054,(anonymous_31)
FN:1057,(anonymous_32)
FN:1094,createCoverLetterClosing
FN:1163,createCoverLetterFooter
FN:1219,(anonymous_35)
FN:1270,createCombinedDocx
FNF:37
FNH:0
FNDA:0,createFormattedTextRuns
FNDA:0,(anonymous_1)
FNDA:0,createResumeDocx
FNDA:0,createHeader
FNDA:0,(anonymous_4)
FNDA:0,createSummary
FNDA:0,createExperience
FNDA:0,(anonymous_7)
FNDA:0,createSkills
FNDA:0,(anonymous_9)
FNDA:0,createEducation
FNDA:0,(anonymous_11)
FNDA:0,createProjects
FNDA:0,createSpeakingEngagements
FNDA:0,(anonymous_14)
FNDA:0,(anonymous_15)
FNDA:0,createLanguages
FNDA:0,(anonymous_17)
FNDA:0,createItemSection
FNDA:0,(anonymous_19)
FNDA:0,(anonymous_20)
FNDA:0,(anonymous_21)
FNDA:0,(anonymous_22)
FNDA:0,createSectionHeading
FNDA:0,formatDate
FNDA:0,getRegionAbbreviation
FNDA:0,createCoverLetterDocx
FNDA:0,createCoverLetterDate
FNDA:0,createCoverLetterContent
FNDA:0,(anonymous_29)
FNDA:0,(anonymous_30)
FNDA:0,(anonymous_31)
FNDA:0,(anonymous_32)
FNDA:0,createCoverLetterClosing
FNDA:0,createCoverLetterFooter
FNDA:0,(anonymous_35)
FNDA:0,createCombinedDocx
DA:10,0
DA:11,0
DA:12,0
DA:21,0
DA:23,0
DA:39,0
DA:48,0
DA:49,0
DA:53,0
DA:54,0
DA:58,0
DA:59,0
DA:63,0
DA:124,0
DA:133,0
DA:136,0
DA:150,0
DA:153,0
DA:154,0
DA:157,0
DA:158,0
DA:159,0
DA:163,0
DA:164,0
DA:168,0
DA:172,0
DA:173,0
DA:176,0
DA:193,0
DA:194,0
DA:196,0
DA:198,0
DA:203,0
DA:222,0
DA:223,0
DA:234,0
DA:244,0
DA:253,0
DA:255,0
DA:258,0
DA:263,0
DA:276,0
DA:285,0
DA:307,0
DA:323,0
DA:332,0
DA:335,0
DA:340,0
DA:342,0
DA:360,0
DA:361,0
DA:376,0
DA:385,0
DA:388,0
DA:393,0
DA:395,0
DA:396,0
DA:398,0
DA:417,0
DA:436,0
DA:437,0
DA:438,0
DA:440,0
DA:457,0
DA:466,0
DA:482,0
DA:491,0
DA:518,0
DA:524,0
DA:529,0
DA:538,0
DA:541,0
DA:546,0
DA:547,0
DA:551,0
DA:577,0
DA:587,0
DA:590,0
DA:595,0
DA:596,0
DA:599,0
DA:600,0
DA:601,0
DA:604,0
DA:605,0
DA:608,0
DA:609,0
DA:611,0
DA:612,0
DA:613,0
DA:614,0
DA:615,0
DA:616,0
DA:618,0
DA:621,0
DA:622,0
DA:624,0
DA:625,0
DA:626,0
DA:630,0
DA:633,0
DA:634,0
DA:637,0
DA:638,0
DA:639,0
DA:640,0
DA:641,0
DA:643,0
DA:650,0
DA:670,0
DA:671,0
DA:688,0
DA:689,0
DA:690,0
DA:693,0
DA:694,0
DA:695,0
DA:696,0
DA:698,0
DA:702,0
DA:728,0
DA:729,0
DA:730,0
DA:731,0
DA:734,0
DA:745,0
DA:755,0
DA:781,0
DA:783,0
DA:788,0
DA:789,0
DA:792,0
DA:793,0
DA:796,0
DA:797,0
DA:801,0
DA:805,0
DA:806,0
DA:807,0
DA:811,0
DA:812,0
DA:814,0
DA:817,0
DA:818,0
DA:829,0
DA:847,0
DA:902,0
DA:913,0
DA:921,0
DA:982,0
DA:991,0
DA:994,0
DA:996,0
DA:1014,0
DA:1023,0
DA:1025,0
DA:1026,0
DA:1028,0
DA:1030,0
DA:1031,0
DA:1041,0
DA:1052,0
DA:1054,0
DA:1055,0
DA:1057,0
DA:1058,0
DA:1068,0
DA:1086,0
DA:1095,0
DA:1098,0
DA:1117,0
DA:1136,0
DA:1154,0
DA:1164,0
DA:1167,0
DA:1168,0
DA:1172,0
DA:1175,0
DA:1176,0
DA:1179,0
DA:1180,0
DA:1181,0
DA:1185,0
DA:1186,0
DA:1190,0
DA:1194,0
DA:1195,0
DA:1198,0
DA:1216,0
DA:1217,0
DA:1219,0
DA:1221,0
DA:1222,0
DA:1231,0
DA:1250,0
DA:1260,0
DA:1272,0
DA:1280,0
DA:1289,0
DA:1290,0
DA:1293,0
DA:1294,0
DA:1297,0
DA:1298,0
DA:1302,0
DA:1376,0
DA:1379,0
LF:207
LH:0
BRDA:20,0,0,0
BRDA:37,1,0,0
BRDA:48,2,0,0
BRDA:48,2,1,0
BRDA:48,3,0,0
BRDA:48,3,1,0
BRDA:53,4,0,0
BRDA:53,4,1,0
BRDA:53,5,0,0
BRDA:53,5,1,0
BRDA:58,6,0,0
BRDA:58,6,1,0
BRDA:58,7,0,0
BRDA:58,7,1,0
BRDA:153,8,0,0
BRDA:153,8,1,0
BRDA:154,9,0,0
BRDA:154,9,1,0
BRDA:157,10,0,0
BRDA:157,10,1,0
BRDA:163,11,0,0
BRDA:163,11,1,0
BRDA:168,12,0,0
BRDA:168,12,1,0
BRDA:172,13,0,0
BRDA:172,13,1,0
BRDA:173,14,0,0
BRDA:173,14,1,0
BRDA:193,15,0,0
BRDA:193,15,1,0
BRDA:193,16,0,0
BRDA:193,16,1,0
BRDA:222,17,0,0
BRDA:222,17,1,0
BRDA:255,18,0,0
BRDA:255,18,1,0
BRDA:307,19,0,0
BRDA:307,19,1,0
BRDA:360,20,0,0
BRDA:360,20,1,0
BRDA:360,21,0,0
BRDA:360,21,1,0
BRDA:396,22,0,0
BRDA:396,22,1,0
BRDA:437,23,0,0
BRDA:437,23,1,0
BRDA:438,24,0,0
BRDA:438,24,1,0
BRDA:518,25,0,0
BRDA:518,25,1,0
BRDA:524,26,0,0
BRDA:524,26,1,0
BRDA:547,27,0,0
BRDA:547,27,1,0
BRDA:561,28,0,0
BRDA:561,28,1,0
BRDA:571,29,0,0
BRDA:571,29,1,0
BRDA:599,30,0,0
BRDA:599,30,1,0
BRDA:600,31,0,0
BRDA:600,31,1,0
BRDA:600,31,2,0
BRDA:601,32,0,0
BRDA:601,32,1,0
BRDA:609,33,0,0
BRDA:609,33,1,0
BRDA:613,34,0,0
BRDA:613,34,1,0
BRDA:613,35,0,0
BRDA:613,35,1,0
BRDA:615,36,0,0
BRDA:615,36,1,0
BRDA:621,37,0,0
BRDA:621,37,1,0
BRDA:621,38,0,0
BRDA:621,38,1,0
BRDA:624,39,0,0
BRDA:624,39,1,0
BRDA:625,40,0,0
BRDA:625,40,1,0
BRDA:625,41,0,0
BRDA:625,41,1,0
BRDA:630,42,0,0
BRDA:630,42,1,0
BRDA:633,43,0,0
BRDA:633,43,1,0
BRDA:637,44,0,0
BRDA:637,44,1,0
BRDA:639,45,0,0
BRDA:639,45,1,0
BRDA:640,46,0,0
BRDA:640,46,1,0
BRDA:643,47,0,0
BRDA:643,47,1,0
BRDA:655,48,0,0
BRDA:655,48,1,0
BRDA:658,49,0,0
BRDA:658,49,1,0
BRDA:670,50,0,0
BRDA:670,50,1,0
BRDA:679,51,0,0
BRDA:679,51,1,0
BRDA:688,52,0,0
BRDA:688,52,1,0
BRDA:694,53,0,0
BRDA:694,53,1,0
BRDA:694,54,0,0
BRDA:694,54,1,0
BRDA:695,55,0,0
BRDA:695,55,1,0
BRDA:728,56,0,0
BRDA:728,56,1,0
BRDA:730,57,0,0
BRDA:730,57,1,0
BRDA:781,58,0,0
BRDA:781,58,1,0
BRDA:788,59,0,0
BRDA:788,59,1,0
BRDA:792,60,0,0
BRDA:792,60,1,0
BRDA:796,61,0,0
BRDA:796,61,1,0
BRDA:805,62,0,0
BRDA:805,62,1,0
BRDA:902,63,0,0
BRDA:902,63,1,0
BRDA:902,63,2,0
BRDA:911,64,0,0
BRDA:1026,65,0,0
BRDA:1026,65,1,0
BRDA:1036,66,0,0
BRDA:1036,66,1,0
BRDA:1037,67,0,0
BRDA:1037,67,1,0
BRDA:1052,68,0,0
BRDA:1052,68,1,0
BRDA:1063,69,0,0
BRDA:1063,69,1,0
BRDA:1064,70,0,0
BRDA:1064,70,1,0
BRDA:1076,71,0,0
BRDA:1076,71,1,0
BRDA:1102,72,0,0
BRDA:1102,72,1,0
BRDA:1163,73,0,0
BRDA:1167,74,0,0
BRDA:1167,74,1,0
BRDA:1175,75,0,0
BRDA:1175,75,1,0
BRDA:1176,76,0,0
BRDA:1176,76,1,0
BRDA:1179,77,0,0
BRDA:1179,77,1,0
BRDA:1185,78,0,0
BRDA:1185,78,1,0
BRDA:1190,79,0,0
BRDA:1190,79,1,0
BRDA:1194,80,0,0
BRDA:1194,80,1,0
BRDA:1195,81,0,0
BRDA:1195,81,1,0
BRDA:1216,82,0,0
BRDA:1216,82,1,0
BRDA:1216,83,0,0
BRDA:1216,83,1,0
BRDA:1221,84,0,0
BRDA:1221,84,1,0
BRDA:1270,85,0,0
BRDA:1289,86,0,0
BRDA:1289,86,1,0
BRDA:1289,87,0,0
BRDA:1289,87,1,0
BRDA:1293,88,0,0
BRDA:1293,88,1,0
BRDA:1293,89,0,0
BRDA:1293,89,1,0
BRDA:1297,90,0,0
BRDA:1297,90,1,0
BRDA:1297,91,0,0
BRDA:1297,91,1,0
BRF:181
BRH:0
end_of_record
TN:
SF:generate-resume.js
FN:13,(anonymous_0)
FN:44,(anonymous_1)
FN:76,(anonymous_2)
FNF:3
FNH:0
FNDA:0,(anonymous_0)
FNDA:0,(anonymous_1)
FNDA:0,(anonymous_2)
DA:1,0
DA:2,0
DA:3,0
DA:4,0
DA:5,0
DA:13,0
DA:14,0
DA:16,0
DA:17,0
DA:20,0
DA:21,0
DA:22,0
DA:23,0
DA:26,0
DA:28,0
DA:31,0
DA:33,0
DA:34,0
DA:37,0
DA:38,0
DA:39,0
DA:40,0
DA:42,0
DA:43,0
DA:44,0
DA:47,0
DA:51,0
DA:52,0
DA:53,0
DA:54,0
DA:57,0
DA:58,0
DA:61,0
DA:64,0
DA:67,0
DA:68,0
DA:72,0
DA:73,0
DA:74,0
DA:75,0
DA:76,0
DA:78,0
DA:82,0
DA:85,0
DA:88,0
DA:89,0
LF:46
LH:0
BRDA:21,0,0,0
BRDA:21,0,1,0
BRDA:38,1,0,0
BRDA:38,1,1,0
BRDA:39,2,0,0
BRDA:39,2,1,0
BRDA:43,3,0,0
BRDA:43,3,1,0
BRDA:52,4,0,0
BRDA:52,4,1,0
BRDA:67,5,0,0
BRDA:67,5,1,0
BRDA:73,6,0,0
BRDA:73,6,1,0
BRDA:75,7,0,0
BRDA:75,7,1,0
BRF:16
BRH:0
end_of_record
TN:
SF:markdown-parser.js
FN:12,parseTextWithFormatting
FN:34,(anonymous_1)
FN:96,runTests
FN:149,(anonymous_3)
FNF:4
FNH:2
FNDA:11,parseTextWithFormatting
FNDA:51,(anonymous_1)
FNDA:0,runTests
FNDA:0,(anonymous_3)
DA:13,11
DA:14,1
DA:17,10
DA:18,10
DA:19,10
DA:22,10
DA:23,17
DA:24,17
DA:25,17
DA:28,17
DA:34,17
DA:35,51
DA:36,51
DA:37,51
DA:38,11
DA:39,11
DA:46,11
DA:50,17
DA:52,11
DA:53,6
DA:61,11
DA:62,10
DA:70,11
DA:73,6
DA:74,6
DA:80,6
DA:85,10
DA:86,0
DA:89,10
DA:97,0
DA:147,0
DA:149,0
DA:150,0
DA:151,0
DA:152,0
DA:153,0
DA:154,0
DA:155,0
DA:156,0
DA:157,0
DA:161,0
DA:162,0
DA:165,0
DA:168,1
LF:44
LH:29
BRDA:13,0,0,1
BRDA:13,0,1,10
BRDA:13,1,0,11
BRDA:13,1,1,10
BRDA:14,2,0,1
BRDA:14,2,1,1
BRDA:37,3,0,11
BRDA:37,3,1,40
BRDA:37,4,0,51
BRDA:37,4,1,21
BRDA:50,5,0,11
BRDA:50,5,1,6
BRDA:52,6,0,6
BRDA:52,6,1,5
BRDA:61,7,0,10
BRDA:61,7,1,1
BRDA:73,8,0,6
BRDA:73,8,1,0
BRDA:85,9,0,0
BRDA:85,9,1,10
BRDA:152,10,0,0
BRDA:152,10,1,0
BRDA:161,11,0,0
BRDA:161,11,1,0
BRF:24
BRH:18
end_of_record
TN:
SF:markdown-to-data.js
FN:17,parseMarkdownCoverLetter
FN:64,parseMarkdownContent
FN:68,(anonymous_2)
FN:74,(anonymous_3)
FN:77,(anonymous_4)
FN:94,parseInlineMarkdown
FN:168,findMarkdownFile
FNF:7
FNH:0
FNDA:0,parseMarkdownCoverLetter
FNDA:0,parseMarkdownContent
FNDA:0,(anonymous_2)
FNDA:0,(anonymous_3)
FNDA:0,(anonymous_4)
FNDA:0,parseInlineMarkdown
FNDA:0,findMarkdownFile
DA:6,0
DA:7,0
DA:8,0
DA:9,0
DA:18,0
DA:20,0
DA:23,0
DA:26,0
DA:29,0
DA:32,0
DA:52,0
DA:55,0
DA:66,0
DA:68,0
DA:69,0
DA:72,0
DA:74,0
DA:75,0
DA:77,0
DA:81,0
DA:96,0
DA:97,0
DA:100,0
DA:101,0
DA:103,0
DA:107,0
DA:109,0
DA:110,0
DA:111,0
DA:112,0
DA:117,0
DA:118,0
DA:122,0
DA:123,0
DA:124,0
DA:125,0
DA:130,0
DA:131,0
DA:132,0
DA:134,0
DA:135,0
DA:136,0
DA:137,0
DA:142,0
DA:143,0
DA:147,0
DA:148,0
DA:149,0
DA:150,0
DA:156,0
DA:157,0
DA:160,0
DA:169,0
DA:170,0
DA:173,0
DA:175,0
DA:176,0
DA:179,0
DA:182,0
LF:59
LH:0
BRDA:46,0,0,0
BRDA:46,0,1,0
BRDA:47,1,0,0
BRDA:47,1,1,0
BRDA:72,2,0,0
BRDA:72,2,1,0
BRDA:109,3,0,0
BRDA:109,3,1,0
BRDA:111,4,0,0
BRDA:111,4,1,0
BRDA:122,5,0,0
BRDA:122,5,1,0
BRDA:124,6,0,0
BRDA:124,6,1,0
BRDA:130,7,0,0
BRDA:130,7,1,0
BRDA:134,8,0,0
BRDA:134,8,1,0
BRDA:136,9,0,0
BRDA:136,9,1,0
BRDA:147,10,0,0
BRDA:147,10,1,0
BRDA:149,11,0,0
BRDA:149,11,1,0
BRDA:156,12,0,0
BRDA:156,12,1,0
BRDA:175,13,0,0
BRDA:175,13,1,0
BRF:28
BRH:0
end_of_record
TN:
SF:path-resolver.js
FN:15,extractCompanyFromFolderName
FN:27,resolvePaths
FN:62,validatePaths
FN:107,hasMarkdownFile
FN:116,loadResumeData
FN:146,getAvailableApplications
FN:154,(anonymous_6)
FN:165,displayApplicationNotFoundError
FN:175,(anonymous_8)
FNF:9
FNH:5
FNDA:8,extractCompanyFromFolderName
FNDA:8,resolvePaths
FNDA:5,validatePaths
FNDA:4,hasMarkdownFile
FNDA:5,loadResumeData
FNDA:0,getAvailableApplications
FNDA:0,(anonymous_6)
FNDA:0,displayApplicationNotFoundError
FNDA:0,(anonymous_8)
DA:1,1
DA:2,1
DA:3,1
DA:17,8
DA:18,7
DA:28,8
DA:31,7
DA:32,6
DA:33,6
DA:36,6
DA:37,6
DA:40,6
DA:41,6
DA:42,6
DA:44,6
DA:63,5
DA:66,5
DA:67,2
DA:75,3
DA:76,1
DA:85,2
DA:86,2
DA:87,2
DA:89,2
DA:97,0
DA:108,4
DA:117,5
DA:119,5
DA:122,4
DA:125,4
DA:126,4
DA:128,2
DA:133,3
DA:147,0
DA:149,0
DA:150,0
DA:153,0
DA:155,0
DA:156,0
DA:166,0
DA:167,0
DA:169,0
DA:172,0
DA:173,0
DA:174,0
DA:175,0
DA:177,0
DA:180,0
DA:181,0
DA:182,0
DA:185,1
LF:51
LH:33
BRDA:66,0,0,2
BRDA:66,0,1,3
BRDA:66,1,0,5
BRDA:66,1,1,3
BRDA:75,2,0,1
BRDA:75,2,1,2
BRDA:85,3,0,2
BRDA:85,3,1,0
BRDA:149,4,0,0
BRDA:149,4,1,0
BRDA:156,5,0,0
BRDA:156,5,1,0
BRDA:173,6,0,0
BRDA:173,6,1,0
BRF:14
BRH:7
end_of_record
TN:
SF:test-isolation.js
FN:25,(anonymous_0)
FN:30,(anonymous_1)
FN:32,(anonymous_2)
FN:65,(anonymous_3)
FN:71,(anonymous_4)
FN:73,(anonymous_5)
FNF:6
FNH:0
FNDA:0,(anonymous_0)
FNDA:0,(anonymous_1)
FNDA:0,(anonymous_2)
FNDA:0,(anonymous_3)
FNDA:0,(anonymous_4)
FNDA:0,(anonymous_5)
DA:8,0
DA:9,0
DA:10,0
DA:13,0
DA:21,0
DA:24,0
DA:25,0
DA:26,0
DA:27,0
DA:28,0
DA:29,0
DA:30,0
DA:31,0
DA:32,0
DA:33,0
DA:34,0
DA:35,0
DA:41,0
DA:44,0
DA:45,0
DA:47,0
DA:48,0
DA:53,0
DA:54,0
DA:57,0
DA:58,0
DA:62,0
DA:64,0
DA:65,0
DA:66,0
DA:67,0
DA:68,0
DA:70,0
DA:71,0
DA:73,0
DA:74,0
DA:75,0
DA:76,0
DA:77,0
DA:79,0
DA:80,0
DA:81,0
DA:82,0
DA:91,0
DA:92,0
DA:93,0
DA:95,0
DA:96,0
DA:97,0
LF:49
LH:0
BRDA:27,0,0,0
BRDA:27,0,1,0
BRDA:29,1,0,0
BRDA:29,1,1,0
BRDA:66,2,0,0
BRDA:66,2,1,0
BRDA:70,3,0,0
BRDA:70,3,1,0
BRDA:79,4,0,0
BRDA:79,4,1,0
BRDA:81,5,0,0
BRDA:81,5,1,0
BRDA:91,6,0,0
BRDA:91,6,1,0
BRF:14
BRH:0
end_of_record
TN:
SF:theme.js
FNF:0
FNH:0
DA:7,3
DA:224,3
LF:2
LH:2
BRF:0
BRH:0
end_of_record
TN:
SF:services/keyword-extraction.js
FN:8,(anonymous_0)
FN:13,(anonymous_1)
FN:30,(anonymous_2)
FN:36,(anonymous_3)
FN:47,(anonymous_4)
FN:96,(anonymous_5)
FN:97,(anonymous_6)
FN:119,(anonymous_7)
FN:121,(anonymous_8)
FN:124,(anonymous_9)
FN:135,(anonymous_10)
FN:140,(anonymous_11)
FN:149,(anonymous_12)
FN:214,(anonymous_13)
FN:218,(anonymous_14)
FNF:15
FNH:0
FNDA:0,(anonymous_0)
FNDA:0,(anonymous_1)
FNDA:0,(anonymous_2)
FNDA:0,(anonymous_3)
FNDA:0,(anonymous_4)
FNDA:0,(anonymous_5)
FNDA:0,(anonymous_6)
FNDA:0,(anonymous_7)
FNDA:0,(anonymous_8)
FNDA:0,(anonymous_9)
FNDA:0,(anonymous_10)
FNDA:0,(anonymous_11)
FNDA:0,(anonymous_12)
FNDA:0,(anonymous_13)
FNDA:0,(anonymous_14)
DA:3,0
DA:4,0
DA:5,0
DA:9,0
DA:10,0
DA:14,0
DA:15,0
DA:16,0
DA:18,0
DA:19,0
DA:20,0
DA:21,0
DA:23,0
DA:24,0
DA:26,0
DA:27,0
DA:30,0
DA:31,0
DA:32,0
DA:35,0
DA:36,0
DA:37,0
DA:40,0
DA:42,0
DA:43,0
DA:48,0
DA:97,0
DA:98,0
DA:108,0
DA:119,0
DA:120,0
DA:121,0
DA:122,0
DA:124,0
DA:125,0
DA:126,0
DA:127,0
DA:129,0
DA:135,0
DA:136,0
DA:137,0
DA:140,0
DA:141,0
DA:144,0
DA:145,0
DA:150,0
DA:152,0
DA:155,0
DA:156,0
DA:157,0
DA:164,0
DA:165,0
DA:166,0
DA:170,0
DA:171,0
DA:172,0
DA:176,0
DA:177,0
DA:179,0
DA:180,0
DA:181,0
DA:184,0
DA:186,0
DA:187,0
DA:188,0
DA:189,0
DA:195,0
DA:196,0
DA:198,0
DA:199,0
DA:200,0
DA:201,0
DA:204,0
DA:206,0
DA:207,0
DA:208,0
DA:211,0
DA:213,0
DA:215,0
DA:216,0
DA:219,0
DA:220,0
DA:224,0
LF:83
LH:0
BRDA:31,0,0,0
BRDA:31,0,1,0
BRDA:155,1,0,0
BRDA:155,1,1,0
BRDA:155,2,0,0
BRDA:155,2,1,0
BRDA:165,3,0,0
BRDA:165,3,1,0
BRDA:171,4,0,0
BRDA:171,4,1,0
BRDA:179,5,0,0
BRDA:179,5,1,0
BRDA:179,6,0,0
BRDA:179,6,1,0
BRDA:195,7,0,0
BRDA:195,7,1,0
BRDA:198,8,0,0
BRDA:198,8,1,0
BRDA:206,9,0,0
BRDA:206,9,1,0
BRF:20
BRH:0
end_of_record
TN:
SF:utils/error-handler.js
FN:39,(anonymous_0)
FN:59,(anonymous_1)
FN:68,(anonymous_2)
FN:89,(anonymous_3)
FN:111,(anonymous_4)
FN:131,(anonymous_5)
FN:157,(anonymous_6)
FN:185,(anonymous_7)
FN:200,(anonymous_8)
FN:237,(anonymous_9)
FN:254,(anonymous_10)
FN:268,(anonymous_11)
FN:276,(anonymous_12)
FNF:13
FNH:13
FNDA:108,(anonymous_0)
FNDA:107,(anonymous_1)
FNDA:109,(anonymous_2)
FNDA:1,(anonymous_3)
FNDA:1,(anonymous_4)
FNDA:7,(anonymous_5)
FNDA:5,(anonymous_6)
FNDA:7,(anonymous_7)
FNDA:3,(anonymous_8)
FNDA:2,(anonymous_9)
FNDA:2,(anonymous_10)
FNDA:4,(anonymous_11)
FNDA:3,(anonymous_12)
DA:6,1
DA:7,1
DA:12,1
DA:47,108
DA:49,107
DA:50,107
DA:53,107
DA:54,3
DA:58,107
DA:59,103
DA:60,107
DA:65,107
DA:66,103
DA:67,103
DA:68,109
DA:70,103
DA:71,1
DA:76,107
DA:77,0
DA:78,0
DA:90,1
DA:112,1
DA:132,7
DA:133,2
DA:139,5
DA:158,5
DA:159,5
DA:161,4
DA:162,1
DA:164,3
DA:165,3
DA:172,1
DA:186,7
DA:187,4
DA:188,4
DA:189,4
DA:190,4
DA:201,3
DA:202,3
DA:204,3
DA:213,3
DA:214,3
DA:215,3
DA:217,3
DA:218,0
DA:219,0
DA:220,0
DA:224,0
DA:227,3
DA:238,2
DA:255,2
DA:269,4
DA:277,3
DA:281,1
LF:54
LH:48
BRDA:41,0,0,105
BRDA:42,1,0,106
BRDA:43,2,0,106
BRDA:44,3,0,5
BRDA:45,4,0,5
BRDA:47,5,0,1
BRDA:47,5,1,107
BRDA:49,6,0,107
BRDA:49,6,1,0
BRDA:53,7,0,3
BRDA:53,7,1,104
BRDA:53,8,0,107
BRDA:53,8,1,3
BRDA:58,9,0,103
BRDA:58,9,1,4
BRDA:58,10,0,107
BRDA:58,10,1,107
BRDA:65,11,0,103
BRDA:65,11,1,4
BRDA:65,12,0,107
BRDA:65,12,1,107
BRDA:70,13,0,1
BRDA:70,13,1,102
BRDA:76,14,0,0
BRDA:76,14,1,107
BRDA:76,15,0,107
BRDA:76,15,1,0
BRDA:76,15,2,0
BRDA:89,16,0,0
BRDA:111,17,0,0
BRDA:111,18,0,0
BRDA:111,19,0,0
BRDA:131,20,0,0
BRDA:131,21,0,2
BRDA:131,22,0,2
BRDA:131,23,0,2
BRDA:132,24,0,2
BRDA:132,24,1,5
BRDA:157,25,0,3
BRDA:159,26,0,5
BRDA:159,26,1,0
BRDA:161,27,0,1
BRDA:161,27,1,3
BRDA:164,28,0,3
BRDA:164,28,1,2
BRDA:168,29,0,1
BRDA:168,29,1,2
BRDA:186,30,0,4
BRDA:186,30,1,3
BRDA:186,31,0,7
BRDA:186,31,1,5
BRDA:186,31,2,4
BRDA:200,32,0,2
BRDA:217,33,0,0
BRDA:217,33,1,3
BRDA:237,34,0,1
BRDA:254,35,0,1
BRDA:260,36,0,2
BRDA:260,36,1,1
BRF:59
BRH:48
end_of_record
TN:
SF:utils/error-types.js
FNF:0
FNH:0
DA:6,1
DA:45,1
DA:55,1
DA:63,1
LF:4
LH:4
BRF:0
BRH:0
end_of_record
